c:\users\jam10\onedrive\documents\visual studio 2015\projects\new relation\new relation\debug\vc140.pdb
c:\users\jam10\onedrive\documents\visual studio 2015\projects\new relation\new relation\debug\vc140.idb
c:\users\jam10\onedrive\documents\visual studio 2015\projects\new relation\new relation\debug\database.nativecodeanalysis.xml
c:\users\jam10\onedrive\documents\visual studio 2015\projects\new relation\new relation\debug\datalog.nativecodeanalysis.xml
c:\users\jam10\onedrive\documents\visual studio 2015\projects\new relation\new relation\debug\expression.nativecodeanalysis.xml
c:\users\jam10\onedrive\documents\visual studio 2015\projects\new relation\new relation\debug\main.nativecodeanalysis.xml
c:\users\jam10\onedrive\documents\visual studio 2015\projects\new relation\new relation\debug\parameter.nativecodeanalysis.xml
c:\users\jam10\onedrive\documents\visual studio 2015\projects\new relation\new relation\debug\parse.nativecodeanalysis.xml
c:\users\jam10\onedrive\documents\visual studio 2015\projects\new relation\new relation\debug\predicate.nativecodeanalysis.xml
c:\users\jam10\onedrive\documents\visual studio 2015\projects\new relation\new relation\debug\relation.nativecodeanalysis.xml
c:\users\jam10\onedrive\documents\visual studio 2015\projects\new relation\new relation\debug\rule.nativecodeanalysis.xml
c:\users\jam10\onedrive\documents\visual studio 2015\projects\new relation\new relation\debug\scanner.nativecodeanalysis.xml
c:\users\jam10\onedrive\documents\visual studio 2015\projects\new relation\new relation\debug\token.nativecodeanalysis.xml
c:\users\jam10\onedrive\documents\visual studio 2015\projects\new relation\new relation\debug\tuple.nativecodeanalysis.xml
c:\users\jam10\onedrive\documents\visual studio 2015\projects\new relation\new relation\debug\tuple.obj
c:\users\jam10\onedrive\documents\visual studio 2015\projects\new relation\new relation\debug\token.obj
c:\users\jam10\onedrive\documents\visual studio 2015\projects\new relation\new relation\debug\scanner.obj
c:\users\jam10\onedrive\documents\visual studio 2015\projects\new relation\new relation\debug\rule.obj
c:\users\jam10\onedrive\documents\visual studio 2015\projects\new relation\new relation\debug\relation.obj
c:\users\jam10\onedrive\documents\visual studio 2015\projects\new relation\new relation\debug\predicate.obj
c:\users\jam10\onedrive\documents\visual studio 2015\projects\new relation\new relation\debug\parse.obj
c:\users\jam10\onedrive\documents\visual studio 2015\projects\new relation\new relation\debug\parameter.obj
c:\users\jam10\onedrive\documents\visual studio 2015\projects\new relation\new relation\debug\main.obj
c:\users\jam10\onedrive\documents\visual studio 2015\projects\new relation\new relation\debug\expression.obj
c:\users\jam10\onedrive\documents\visual studio 2015\projects\new relation\new relation\debug\datalog.obj
c:\users\jam10\onedrive\documents\visual studio 2015\projects\new relation\new relation\debug\database.obj
c:\users\jam10\onedrive\documents\visual studio 2015\projects\new relation\new relation\debug\graph.nativecodeanalysis.xml
c:\users\jam10\onedrive\documents\visual studio 2015\projects\new relation\new relation\debug\graph.obj
c:\users\jam10\onedrive\documents\visual studio 2015\projects\new relation\debug\new relation.ilk
c:\users\jam10\onedrive\documents\visual studio 2015\projects\new relation\debug\new relation.exe
c:\users\jam10\onedrive\documents\visual studio 2015\projects\new relation\debug\new relation.pdb
c:\users\jam10\onedrive\documents\visual studio 2015\projects\new relation\new relation\debug\nativecodeanalysis.read.1.tlog
c:\users\jam10\onedrive\documents\visual studio 2015\projects\new relation\new relation\debug\vc.nativecodeanalysis.all.xml
c:\users\jam10\onedrive\documents\visual studio 2015\projects\new relation\debug\new relation.exe.lastcodeanalysissucceeded
c:\users\jam10\onedrive\documents\visual studio 2015\projects\new relation\new relation\debug\new relation.tlog\cl.command.1.tlog
c:\users\jam10\onedrive\documents\visual studio 2015\projects\new relation\new relation\debug\new relation.tlog\cl.read.1.tlog
c:\users\jam10\onedrive\documents\visual studio 2015\projects\new relation\new relation\debug\new relation.tlog\cl.write.1.tlog
c:\users\jam10\onedrive\documents\visual studio 2015\projects\new relation\new relation\debug\new relation.tlog\link.command.1.tlog
c:\users\jam10\onedrive\documents\visual studio 2015\projects\new relation\new relation\debug\new relation.tlog\link.read.1.tlog
c:\users\jam10\onedrive\documents\visual studio 2015\projects\new relation\new relation\debug\new relation.tlog\link.write.1.tlog
